<!DOCTYPE html>
<html>
<head>
<meta http-equiv="Content-Type" content="text/html; charset=utf-8"/>
<meta http-equiv="x-ua-compatible" content="IE=edge"/>
<title>Test results - Class com.example.plugins.filediff.FileDiffPluginIntegrationTest</title>
<link href="../css/base-style.css" rel="stylesheet" type="text/css"/>
<link href="../css/style.css" rel="stylesheet" type="text/css"/>
<script src="../js/report.js" type="text/javascript"></script>
</head>
<body>
<div id="content">
<h1>Class com.example.plugins.filediff.FileDiffPluginIntegrationTest</h1>
<div class="breadcrumbs">
<a href="../index.html">all</a> &gt; 
<a href="../packages/com.example.plugins.filediff.html">com.example.plugins.filediff</a> &gt; FileDiffPluginIntegrationTest</div>
<div id="summary">
<table>
<tr>
<td>
<div class="summaryGroup">
<table>
<tr>
<td>
<div class="infoBox" id="tests">
<div class="counter">1</div>
<p>tests</p>
</div>
</td>
<td>
<div class="infoBox" id="failures">
<div class="counter">1</div>
<p>failures</p>
</div>
</td>
<td>
<div class="infoBox" id="ignored">
<div class="counter">0</div>
<p>ignored</p>
</div>
</td>
<td>
<div class="infoBox" id="duration">
<div class="counter">5.571s</div>
<p>duration</p>
</div>
</td>
</tr>
</table>
</div>
</td>
<td>
<div class="infoBox failures" id="successRate">
<div class="percent">0%</div>
<p>successful</p>
</div>
</td>
</tr>
</table>
</div>
<div id="tabs">
<ul class="tabLinks">
<li>
<a href="#tab0">Failed tests</a>
</li>
<li>
<a href="#tab1">Tests</a>
</li>
</ul>
<div id="tab0" class="tab">
<h2>Failed tests</h2>
<div class="test">
<a name="can successfully diff two files"></a>
<h3 class="failures">can successfully diff two files</h3>
<span class="code">
<pre>org.gradle.testkit.runner.UnexpectedBuildFailure: Unexpected build execution failure in /tmp/junit5737419890873012034 with arguments [fileDiff]

Output:

FAILURE: Build failed with an exception.

* Where:
Build file '/tmp/junit5737419890873012034/build.gradle' line: 3

* What went wrong:
Plugin [id: 'gradle'] was not found in any of the following sources:

- Gradle Core Plugins (not a core plugin, please see https://docs.gradle.org/6.8/userguide/standard_plugins.html for available core plugins)
- Gradle TestKit (classpath: /home/nipuna/Desktop/plugin-test/build/classes/java/main:/home/nipuna/Desktop/plugin-test/build/classes/groovy/main:/home/nipuna/Desktop/plugin-test/build/resources/main)
- Plugin Repositories (plugin dependency must include a version number for this source)

* Try:
Run with --stacktrace option to get the stack trace. Run with --info or --debug option to get more log output. Run with --scan to get full insights.

* Get more help at https://help.gradle.org

BUILD FAILED in 4s

	at org.gradle.testkit.runner.internal.DefaultGradleRunner$2.execute(DefaultGradleRunner.java:255)
	at org.gradle.testkit.runner.internal.DefaultGradleRunner$2.execute(DefaultGradleRunner.java:251)
	at org.gradle.testkit.runner.internal.DefaultGradleRunner.run(DefaultGradleRunner.java:324)
	at org.gradle.testkit.runner.internal.DefaultGradleRunner.build(DefaultGradleRunner.java:251)
	at com.example.plugins.filediff.FileDiffPluginIntegrationTest.can successfully diff two files(FileDiffPluginIntegrationTest.groovy:38)
</pre>
</span>
</div>
</div>
<div id="tab1" class="tab">
<h2>Tests</h2>
<table>
<thead>
<tr>
<th>Test</th>
<th>Duration</th>
<th>Result</th>
</tr>
</thead>
<tr>
<td class="failures">can successfully diff two files</td>
<td class="failures">5.571s</td>
<td class="failures">failed</td>
</tr>
</table>
</div>
</div>
<div id="footer">
<p>
<div>
<label class="hidden" id="label-for-line-wrapping-toggle" for="line-wrapping-toggle">Wrap lines
<input id="line-wrapping-toggle" type="checkbox" autocomplete="off"/>
</label>
</div>Generated by 
<a href="http://www.gradle.org">Gradle 6.8</a> at Jun 4, 2021, 10:45:25 AM</p>
</div>
</div>
</body>
</html>
